2025-05-10 03:36:20,361 - INFO - Multi-UAV Simulation Log - Started at 20250510_033620
2025-05-10 03:36:20,363 - INFO - ================================================================================
2025-05-10 03:36:20,364 - INFO - Configuration Parameters:
2025-05-10 03:36:20,364 - PROGRESS - [45m[37mTraining with 0 UAVs, 0 obstacles for 0 episodes. Dynamic obstacles: OFF[0m
2025-05-10 03:36:20,367 - DEBUG -   scenario_width: 15.0
2025-05-10 03:36:20,367 - DEBUG -   scenario_height: 15.0
2025-05-10 03:36:20,368 - DEBUG -   uav_radius: 0.05
2025-05-10 03:36:20,368 - DEBUG -   target_radius: 0.05
2025-05-10 03:36:20,369 - DEBUG -   obstacle_radius_min: 0.4
2025-05-10 03:36:20,370 - DEBUG -   obstacle_radius_max: 3.0
2025-05-10 03:36:20,370 - DEBUG -   capture_distance: 1.5
2025-05-10 03:36:20,370 - DEBUG -   encircle_radius: 2.5
2025-05-10 03:36:20,370 - DEBUG -   sensor_range: 0.5
2025-05-10 03:36:20,371 - DEBUG -   max_steps_per_episode: 50
2025-05-10 03:36:20,371 - DEBUG -   num_sensors: 24
2025-05-10 03:36:20,371 - DEBUG -   trajectory_length: 50
2025-05-10 03:36:20,371 - DEBUG -   time_step: 1
2025-05-10 03:36:20,372 - DEBUG -   uav_initial_velocity: 0.0
2025-05-10 03:36:20,372 - DEBUG -   uav_max_velocity: 0.13
2025-05-10 03:36:20,372 - DEBUG -   uav_max_acceleration: 0.05
2025-05-10 03:36:20,372 - DEBUG -   uav_mass: 0.5
2025-05-10 03:36:20,373 - DEBUG -   uav_sight_range: 3.0
2025-05-10 03:36:20,374 - DEBUG -   target_initial_velocity: 0.0
2025-05-10 03:36:20,374 - DEBUG -   target_max_velocity: 0.13
2025-05-10 03:36:20,374 - DEBUG -   target_max_acceleration: 0.05
2025-05-10 03:36:20,375 - DEBUG -   replay_buffer_size: 100000
2025-05-10 03:36:20,375 - DEBUG -   batch_size: 256
2025-05-10 03:36:20,375 - DEBUG -   pre_batch_size: 64
2025-05-10 03:36:20,376 - DEBUG -   gamma: 0.99
2025-05-10 03:36:20,376 - DEBUG -   tau: 0.001
2025-05-10 03:36:20,376 - DEBUG -   actor_lr: 0.0003
2025-05-10 03:36:20,376 - DEBUG -   critic_lr: 0.0007
2025-05-10 03:36:20,376 - DEBUG -   train_interval: 5
2025-05-10 03:36:20,377 - DEBUG -   num_episodes: 2
2025-05-10 03:36:20,377 - DEBUG -   epsilon: 1.0
2025-05-10 03:36:20,377 - DEBUG -   epsilon_min: 0.05
2025-05-10 03:36:20,377 - DEBUG -   epsilon_decay: 0.995
2025-05-10 03:36:20,377 - DEBUG -   d_limit: 2.0
2025-05-10 03:36:20,378 - DEBUG -   curriculum_threshold: 3000
2025-05-10 03:36:20,378 - DEBUG -   curriculum_step_size: 500
2025-05-10 03:36:20,378 - DEBUG -   curriculum_learning: {'reward_weights': {'approach': 1.0, 'safety': 0.5, 'track': 0.5, 'encircle': 0.7, 'capture': 1.5, 'finish': 15.0}, 'curriculum_steps': [{'step': 0, 'reward_weights': {'approach': 1.0, 'safety': 0.5, 'track': 0.5, 'encircle': 0.7, 'capture': 1.5, 'finish': 15.0}}, {'step': 500, 'reward_weights': {'approach': 0.9, 'safety': 0.6, 'track': 0.6, 'encircle': 0.8, 'capture': 1.8, 'finish': 17.0}}, {'step': 1000, 'reward_weights': {'approach': 0.8, 'safety': 0.7, 'track': 0.7, 'encircle': 0.9, 'capture': 2.0, 'finish': 19.0}}, {'step': 1500, 'reward_weights': {'approach': 0.7, 'safety': 0.8, 'track': 0.8, 'encircle': 1.0, 'capture': 2.2, 'finish': 21.0}}, {'step': 2000, 'reward_weights': {'approach': 0.6, 'safety': 0.9, 'track': 0.9, 'encircle': 1.1, 'capture': 2.4, 'finish': 23.0}}, {'step': 2500, 'reward_weights': {'approach': 0.5, 'safety': 1.0, 'track': 1.0, 'encircle': 1.2, 'capture': 2.6, 'finish': 25.0}}]}
2025-05-10 03:36:20,378 - DEBUG -   correlation_weights: {'sigma1': 100, 'sigma2': 2, 'sigma3': 5}
2025-05-10 03:36:20,379 - DEBUG -   reward_weights: {'approach': 1.0, 'safety': 1.0, 'track': 1.0, 'encircle': 1.0, 'capture': 1.0, 'finish': 10.0, 'progressive': {'approach': {'initial': 1.0, 'final': 0.5, 'decay_rate': 0.9998}, 'safety': {'initial': 0.6, 'final': 0.9, 'decay_rate': 0.9998}, 'track': {'initial': 0.5, 'final': 1.0, 'decay_rate': 0.9998}, 'encircle': {'initial': 0.7, 'final': 1.5, 'decay_rate': 0.9998}, 'capture': {'initial': 1.5, 'final': 2.5, 'decay_rate': 0.9998}, 'finish': {'initial': 15.0, 'final': 30.0, 'decay_rate': 0.9998}}}
2025-05-10 03:36:20,379 - DEBUG -   swarm: {'federated_learning': {'enabled': True, 'communication_range': 3.0, 'sharing_interval': 5, 'knowledge_dimension': 128, 'model_fusion_weight': 0.3, 'fusion_confidence_threshold': 0.6, 'federation_topology': 'dynamic'}, 'quantum_optimization': {'enabled': True, 'interference_factor': 0.4, 'phase_shift_rate': 0.15, 'superposition_decay': 0.97, 'entanglement_strength': 0.5, 'quantum_sigma': 2.5}, 'information_theory': {'enabled': True, 'entropy_grid_size': [30, 30], 'entropy_decay_rate': 0.95, 'information_gain_weight': 0.7, 'exploration_factor': 0.4, 'mutual_information_threshold': 0.3}, 'temporal_abstraction': {'enabled': True, 'num_temporal_scales': 3, 'temporal_horizons': [5, 20, 50], 'scale_update_rates': [1.0, 0.5, 0.2], 'temporal_discount_factors': [0.9, 0.95, 0.99]}, 'game_theory': {'enabled': True, 'leader_selection_interval': 10, 'leadership_quality_threshold': 0.7, 'follower_coherence_factor': 0.6, 'role_switching_cost': 0.3, 'stackelberg_alpha': 0.4}, 'belief_propagation': {'enabled': True, 'belief_grid_resolution': [50, 50], 'observation_noise_sigma': 0.2, 'process_noise_sigma': 0.1, 'confidence_decay_rate': 0.98, 'min_belief_update_threshold': 0.05}, 'topology': {'enabled': True, 'persistence_threshold': 0.3, 'filtration_steps': 10, 'homology_dimension_max': 2, 'feature_significance_threshold': 0.4, 'pattern_recognition_update_rate': 0.2}, 'behaviors': {'cohesion': {'weight': 0.5, 'distance_threshold': 2.0, 'adaptive_factor': 0.2}, 'separation': {'weight': 0.7, 'minimum_distance': 0.3, 'adaptive_factor': 0.3}, 'alignment': {'weight': 0.4, 'max_influence_distance': 1.5, 'adaptive_factor': 0.15}, 'formation': {'weight': 0.6, 'formation_types': ['circle', 'line', 'triangle', 'wedge'], 'formation_scale_factor': 1.2, 'dynamic_formation_switching': True}}, 'rl_integration': {'enabled': True, 'initial_swarm_weight': 0.4, 'adaptive_weighting': True, 'context_adaptation_rate': 0.05, 'swarm_reward_factor': 0.3}}
2025-05-10 03:36:20,410 - WARNING - Placed UAV 1 at alternate position [1.  7.5] after 300 attempts
2025-05-10 03:36:20,430 - WARNING - Placed UAV 2 at alternate position [ 1. 14.] after 300 attempts
2025-05-10 03:36:20,441 - WARNING - UAV 3 placed with reduced safety margin of 5
2025-05-10 03:36:20,456 - WARNING - UAV 4 placed with reduced safety margin of 5
2025-05-10 03:36:20,458 - ERROR - Curriculum learning: Episode 0, placing target closer to UAVs (min_distance=0.25)
2025-05-10 03:36:20,458 - INFO - Episode 0 - Started (Seed: 5580)
2025-05-10 03:36:20,460 - DEBUG -   Initial uavs: [[1.0018501295056865, 5.9576313105046035], [1.0, 7.5], [1.0, 14.0], [1.2937686426249928, 6.559905288249456], [0.3191779112242096, 5.312920988156585]]
2025-05-10 03:36:20,460 - DEBUG -   Initial target: [12.759374522007816, 9.403294517855167]
2025-05-10 03:36:20,460 - DEBUG -   Initial obstacles: {'positions': [[5.41146266547897, 3.0658670088329227], [2.6545556663511376, 1.4620119218878165], [8.817386077877561, 4.749946860817983], [13.636245466798027, 2.4042843194493826], [7.214575256943538, 8.93567731172283], [3.1755223753172808, 11.279183379420342], [9.893244265128821, 13.0574211621975], [13.692123274413126, 12.205547893741006]], 'radii': [0.8261267045106184, 0.7068206954112135, 0.5994541309108287, 2.085245311909392, 0.627996442941837, 1.0064038269718147, 1.68900482067734, 0.8801322810024559]}
2025-05-10 03:36:20,468 - INFO - Multi-UAV Simulation Log - Started at 20250510_033620
2025-05-10 03:36:20,469 - INFO - ================================================================================
2025-05-10 03:36:20,470 - INFO - Configuration Parameters:
2025-05-10 03:36:20,471 - PROGRESS - [45m[37mTraining with 0 UAVs, 0 obstacles for 0 episodes. Dynamic obstacles: OFF[0m
2025-05-10 03:36:20,472 - DEBUG -   scenario_width: 15.0
2025-05-10 03:36:20,473 - DEBUG -   scenario_height: 15.0
2025-05-10 03:36:20,474 - DEBUG -   uav_radius: 0.05
2025-05-10 03:36:20,474 - DEBUG -   target_radius: 0.05
2025-05-10 03:36:20,474 - DEBUG -   obstacle_radius_min: 0.4
2025-05-10 03:36:20,474 - DEBUG -   obstacle_radius_max: 3.0
2025-05-10 03:36:20,475 - DEBUG -   capture_distance: 1.5
2025-05-10 03:36:20,475 - DEBUG -   encircle_radius: 2.5
2025-05-10 03:36:20,476 - DEBUG -   sensor_range: 0.5
2025-05-10 03:36:20,476 - DEBUG -   max_steps_per_episode: 50
2025-05-10 03:36:20,476 - DEBUG -   num_sensors: 24
2025-05-10 03:36:20,476 - DEBUG -   trajectory_length: 50
2025-05-10 03:36:20,477 - DEBUG -   time_step: 1
2025-05-10 03:36:20,477 - DEBUG -   uav_initial_velocity: 0.0
2025-05-10 03:36:20,477 - DEBUG -   uav_max_velocity: 0.13
2025-05-10 03:36:20,478 - DEBUG -   uav_max_acceleration: 0.05
2025-05-10 03:36:20,478 - DEBUG -   uav_mass: 0.5
2025-05-10 03:36:20,478 - DEBUG -   uav_sight_range: 3.0
2025-05-10 03:36:20,478 - DEBUG -   target_initial_velocity: 0.0
2025-05-10 03:36:20,479 - DEBUG -   target_max_velocity: 0.13
2025-05-10 03:36:20,479 - DEBUG -   target_max_acceleration: 0.05
2025-05-10 03:36:20,479 - DEBUG -   replay_buffer_size: 100000
2025-05-10 03:36:20,479 - DEBUG -   batch_size: 256
2025-05-10 03:36:20,480 - DEBUG -   pre_batch_size: 64
2025-05-10 03:36:20,480 - DEBUG -   gamma: 0.99
2025-05-10 03:36:20,481 - DEBUG -   tau: 0.001
2025-05-10 03:36:20,481 - DEBUG -   actor_lr: 0.0003
2025-05-10 03:36:20,481 - DEBUG -   critic_lr: 0.0007
2025-05-10 03:36:20,481 - DEBUG -   train_interval: 5
2025-05-10 03:36:20,482 - DEBUG -   num_episodes: 2
2025-05-10 03:36:20,482 - DEBUG -   epsilon: 1.0
2025-05-10 03:36:20,482 - DEBUG -   epsilon_min: 0.05
2025-05-10 03:36:20,482 - DEBUG -   epsilon_decay: 0.995
2025-05-10 03:36:20,482 - DEBUG -   d_limit: 2.0
2025-05-10 03:36:20,482 - DEBUG -   curriculum_threshold: 3000
2025-05-10 03:36:20,484 - DEBUG -   curriculum_step_size: 500
2025-05-10 03:36:20,484 - DEBUG -   curriculum_learning: {'reward_weights': {'approach': 1.0, 'safety': 0.5, 'track': 0.5, 'encircle': 0.7, 'capture': 1.5, 'finish': 15.0}, 'curriculum_steps': [{'step': 0, 'reward_weights': {'approach': 1.0, 'safety': 0.5, 'track': 0.5, 'encircle': 0.7, 'capture': 1.5, 'finish': 15.0}}, {'step': 500, 'reward_weights': {'approach': 0.9, 'safety': 0.6, 'track': 0.6, 'encircle': 0.8, 'capture': 1.8, 'finish': 17.0}}, {'step': 1000, 'reward_weights': {'approach': 0.8, 'safety': 0.7, 'track': 0.7, 'encircle': 0.9, 'capture': 2.0, 'finish': 19.0}}, {'step': 1500, 'reward_weights': {'approach': 0.7, 'safety': 0.8, 'track': 0.8, 'encircle': 1.0, 'capture': 2.2, 'finish': 21.0}}, {'step': 2000, 'reward_weights': {'approach': 0.6, 'safety': 0.9, 'track': 0.9, 'encircle': 1.1, 'capture': 2.4, 'finish': 23.0}}, {'step': 2500, 'reward_weights': {'approach': 0.5, 'safety': 1.0, 'track': 1.0, 'encircle': 1.2, 'capture': 2.6, 'finish': 25.0}}]}
2025-05-10 03:36:20,485 - DEBUG -   correlation_weights: {'sigma1': 100, 'sigma2': 2, 'sigma3': 5}
2025-05-10 03:36:20,485 - DEBUG -   reward_weights: {'approach': 1.0, 'safety': 1.0, 'track': 1.0, 'encircle': 1.0, 'capture': 1.0, 'finish': 10.0, 'progressive': {'approach': {'initial': 1.0, 'final': 0.5, 'decay_rate': 0.9998}, 'safety': {'initial': 0.6, 'final': 0.9, 'decay_rate': 0.9998}, 'track': {'initial': 0.5, 'final': 1.0, 'decay_rate': 0.9998}, 'encircle': {'initial': 0.7, 'final': 1.5, 'decay_rate': 0.9998}, 'capture': {'initial': 1.5, 'final': 2.5, 'decay_rate': 0.9998}, 'finish': {'initial': 15.0, 'final': 30.0, 'decay_rate': 0.9998}}}
2025-05-10 03:36:20,486 - DEBUG -   swarm: {'federated_learning': {'enabled': True, 'communication_range': 3.0, 'sharing_interval': 5, 'knowledge_dimension': 128, 'model_fusion_weight': 0.3, 'fusion_confidence_threshold': 0.6, 'federation_topology': 'dynamic'}, 'quantum_optimization': {'enabled': True, 'interference_factor': 0.4, 'phase_shift_rate': 0.15, 'superposition_decay': 0.97, 'entanglement_strength': 0.5, 'quantum_sigma': 2.5}, 'information_theory': {'enabled': True, 'entropy_grid_size': [30, 30], 'entropy_decay_rate': 0.95, 'information_gain_weight': 0.7, 'exploration_factor': 0.4, 'mutual_information_threshold': 0.3}, 'temporal_abstraction': {'enabled': True, 'num_temporal_scales': 3, 'temporal_horizons': [5, 20, 50], 'scale_update_rates': [1.0, 0.5, 0.2], 'temporal_discount_factors': [0.9, 0.95, 0.99]}, 'game_theory': {'enabled': True, 'leader_selection_interval': 10, 'leadership_quality_threshold': 0.7, 'follower_coherence_factor': 0.6, 'role_switching_cost': 0.3, 'stackelberg_alpha': 0.4}, 'belief_propagation': {'enabled': True, 'belief_grid_resolution': [50, 50], 'observation_noise_sigma': 0.2, 'process_noise_sigma': 0.1, 'confidence_decay_rate': 0.98, 'min_belief_update_threshold': 0.05}, 'topology': {'enabled': True, 'persistence_threshold': 0.3, 'filtration_steps': 10, 'homology_dimension_max': 2, 'feature_significance_threshold': 0.4, 'pattern_recognition_update_rate': 0.2}, 'behaviors': {'cohesion': {'weight': 0.5, 'distance_threshold': 2.0, 'adaptive_factor': 0.2}, 'separation': {'weight': 0.7, 'minimum_distance': 0.3, 'adaptive_factor': 0.3}, 'alignment': {'weight': 0.4, 'max_influence_distance': 1.5, 'adaptive_factor': 0.15}, 'formation': {'weight': 0.6, 'formation_types': ['circle', 'line', 'triangle', 'wedge'], 'formation_scale_factor': 1.2, 'dynamic_formation_switching': True}}, 'rl_integration': {'enabled': True, 'initial_swarm_weight': 0.4, 'adaptive_weighting': True, 'context_adaptation_rate': 0.05, 'swarm_reward_factor': 0.3}}
2025-05-10 03:36:20,497 - WARNING - Placed UAV 1 at alternate position [1.  7.5] after 300 attempts
2025-05-10 03:36:20,509 - WARNING - Placed UAV 2 at alternate position [ 1. 14.] after 300 attempts
2025-05-10 03:36:20,521 - WARNING - UAV 3 placed with reduced safety margin of 5
2025-05-10 03:36:20,532 - WARNING - UAV 4 placed with reduced safety margin of 5
2025-05-10 03:36:20,533 - ERROR - Curriculum learning: Episode 0, placing target closer to UAVs (min_distance=0.25)
2025-05-10 03:36:20,533 - INFO - Episode 0 - Started (Seed: 5580)
2025-05-10 03:36:20,534 - DEBUG -   Initial uavs: [[1.0018501295056865, 5.9576313105046035], [1.0, 7.5], [1.0, 14.0], [1.2937686426249928, 6.559905288249456], [0.3191779112242096, 5.312920988156585]]
2025-05-10 03:36:20,534 - DEBUG -   Initial target: [12.759374522007816, 9.403294517855167]
2025-05-10 03:36:20,534 - DEBUG -   Initial obstacles: {'positions': [[5.41146266547897, 3.0658670088329227], [2.6545556663511376, 1.4620119218878165], [8.817386077877561, 4.749946860817983], [13.636245466798027, 2.4042843194493826], [7.214575256943538, 8.93567731172283], [3.1755223753172808, 11.279183379420342], [9.893244265128821, 13.0574211621975], [13.692123274413126, 12.205547893741006]], 'radii': [0.8261267045106184, 0.7068206954112135, 0.5994541309108287, 2.085245311909392, 0.627996442941837, 1.0064038269718147, 1.68900482067734, 0.8801322810024559]}
2025-05-10 03:36:24,093 - INFO - =================================================
2025-05-10 03:36:24,093 - INFO - OBSTACLE AVOIDANCE ENHANCEMENTS ACTIVE
2025-05-10 03:36:24,093 - INFO - --------------------------------------------------
2025-05-10 03:36:24,093 - INFO - [+] Obstacles are 10x larger visually for better visibility
2025-05-10 03:36:24,094 - INFO - [+] UAVs cannot pass through obstacles - collision prevention active
2025-05-10 03:36:24,094 - INFO - [+] Proactive obstacle avoidance using sensor data
2025-05-10 03:36:24,094 - INFO - [+] Physics and visualization consistent (obstacles same size in both)
2025-05-10 03:36:24,094 - INFO - [+] Obstacle radius: 0.83 units
2025-05-10 03:36:24,094 - INFO - [+] Sensor detection range: 0.50 units
2025-05-10 03:36:24,094 - INFO - =================================================
2025-05-10 03:36:24,107 - WARNING - Placed UAV 1 at alternate position [1.  7.5] after 300 attempts
2025-05-10 03:36:24,120 - WARNING - Placed UAV 2 at alternate position [ 1. 14.] after 300 attempts
2025-05-10 03:36:24,132 - WARNING - UAV 3 placed with reduced safety margin of 5
2025-05-10 03:36:24,147 - WARNING - UAV 4 placed with reduced safety margin of 5
2025-05-10 03:36:24,148 - ERROR - Curriculum learning: Episode 0, placing target closer to UAVs (min_distance=0.25)
2025-05-10 03:36:24,150 - INFO - Episode 0 - Started (Seed: 5580)
2025-05-10 03:36:24,150 - DEBUG -   Initial uavs: [[1.0018501295056865, 5.9576313105046035], [1.0, 7.5], [1.0, 14.0], [1.2937686426249928, 6.559905288249456], [0.3191779112242096, 5.312920988156585]]
2025-05-10 03:36:24,150 - DEBUG -   Initial target: [12.759374522007816, 9.403294517855167]
2025-05-10 03:36:24,151 - DEBUG -   Initial obstacles: {'positions': [[5.41146266547897, 3.0658670088329227], [2.6545556663511376, 1.4620119218878165], [8.817386077877561, 4.749946860817983], [13.636245466798027, 2.4042843194493826], [7.214575256943538, 8.93567731172283], [3.1755223753172808, 11.279183379420342], [9.893244265128821, 13.0574211621975], [13.692123274413126, 12.205547893741006]], 'radii': [0.8261267045106184, 0.7068206954112135, 0.5994541309108287, 2.085245311909392, 0.627996442941837, 1.0064038269718147, 1.68900482067734, 0.8801322810024559]}
2025-05-10 03:36:24,177 - WARNING - Placed UAV 1 at alternate position [1.  7.5] after 300 attempts
2025-05-10 03:36:24,194 - WARNING - Placed UAV 2 at alternate position [ 1. 14.] after 300 attempts
2025-05-10 03:36:24,207 - WARNING - UAV 3 placed with reduced safety margin of 5
2025-05-10 03:36:24,219 - WARNING - UAV 4 placed with reduced safety margin of 5
2025-05-10 03:36:24,220 - ERROR - Curriculum learning: Episode 0, placing target closer to UAVs (min_distance=0.25)
2025-05-10 03:36:24,220 - INFO - Episode 0 - Started (Seed: 5580)
2025-05-10 03:36:24,222 - DEBUG -   Initial uavs: [[1.0018501295056865, 5.9576313105046035], [1.0, 7.5], [1.0, 14.0], [1.2937686426249928, 6.559905288249456], [0.3191779112242096, 5.312920988156585]]
2025-05-10 03:36:24,222 - DEBUG -   Initial target: [12.759374522007816, 9.403294517855167]
2025-05-10 03:36:24,224 - DEBUG -   Initial obstacles: {'positions': [[5.41146266547897, 3.0658670088329227], [2.6545556663511376, 1.4620119218878165], [8.817386077877561, 4.749946860817983], [13.636245466798027, 2.4042843194493826], [7.214575256943538, 8.93567731172283], [3.1755223753172808, 11.279183379420342], [9.893244265128821, 13.0574211621975], [13.692123274413126, 12.205547893741006]], 'radii': [0.8261267045106184, 0.7068206954112135, 0.5994541309108287, 2.085245311909392, 0.627996442941837, 1.0064038269718147, 1.68900482067734, 0.8801322810024559]}
