2025-05-10 03:36:41,862 - INFO - Multi-UAV Simulation Log - Started at 20250510_033641
2025-05-10 03:36:41,864 - INFO - ================================================================================
2025-05-10 03:36:41,864 - INFO - Configuration Parameters:
2025-05-10 03:36:41,864 - PROGRESS - [45m[37mTraining with 0 UAVs, 0 obstacles for 0 episodes. Dynamic obstacles: OFF[0m
2025-05-10 03:36:41,865 - DEBUG -   scenario_width: 15.0
2025-05-10 03:36:41,865 - DEBUG -   scenario_height: 15.0
2025-05-10 03:36:41,865 - DEBUG -   uav_radius: 0.05
2025-05-10 03:36:41,865 - DEBUG -   target_radius: 0.05
2025-05-10 03:36:41,869 - DEBUG -   obstacle_radius_min: 0.4
2025-05-10 03:36:41,869 - DEBUG -   obstacle_radius_max: 3.0
2025-05-10 03:36:41,870 - DEBUG -   capture_distance: 1.5
2025-05-10 03:36:41,870 - DEBUG -   encircle_radius: 2.5
2025-05-10 03:36:41,870 - DEBUG -   sensor_range: 0.5
2025-05-10 03:36:41,870 - DEBUG -   max_steps_per_episode: 50
2025-05-10 03:36:41,870 - DEBUG -   num_sensors: 24
2025-05-10 03:36:41,871 - DEBUG -   trajectory_length: 50
2025-05-10 03:36:41,871 - DEBUG -   time_step: 1
2025-05-10 03:36:41,871 - DEBUG -   uav_initial_velocity: 0.0
2025-05-10 03:36:41,872 - DEBUG -   uav_max_velocity: 0.13
2025-05-10 03:36:41,872 - DEBUG -   uav_max_acceleration: 0.05
2025-05-10 03:36:41,873 - DEBUG -   uav_mass: 0.5
2025-05-10 03:36:41,873 - DEBUG -   uav_sight_range: 3.0
2025-05-10 03:36:41,873 - DEBUG -   target_initial_velocity: 0.0
2025-05-10 03:36:41,873 - DEBUG -   target_max_velocity: 0.13
2025-05-10 03:36:41,874 - DEBUG -   target_max_acceleration: 0.05
2025-05-10 03:36:41,874 - DEBUG -   replay_buffer_size: 100000
2025-05-10 03:36:41,874 - DEBUG -   batch_size: 256
2025-05-10 03:36:41,874 - DEBUG -   pre_batch_size: 64
2025-05-10 03:36:41,874 - DEBUG -   gamma: 0.99
2025-05-10 03:36:41,875 - DEBUG -   tau: 0.001
2025-05-10 03:36:41,875 - DEBUG -   actor_lr: 0.0003
2025-05-10 03:36:41,875 - DEBUG -   critic_lr: 0.0007
2025-05-10 03:36:41,875 - DEBUG -   train_interval: 5
2025-05-10 03:36:41,876 - DEBUG -   num_episodes: 2
2025-05-10 03:36:41,876 - DEBUG -   epsilon: 1.0
2025-05-10 03:36:41,877 - DEBUG -   epsilon_min: 0.05
2025-05-10 03:36:41,877 - DEBUG -   epsilon_decay: 0.995
2025-05-10 03:36:41,878 - DEBUG -   d_limit: 2.0
2025-05-10 03:36:41,878 - DEBUG -   curriculum_threshold: 3000
2025-05-10 03:36:41,878 - DEBUG -   curriculum_step_size: 500
2025-05-10 03:36:41,878 - DEBUG -   curriculum_learning: {'reward_weights': {'approach': 1.0, 'safety': 0.5, 'track': 0.5, 'encircle': 0.7, 'capture': 1.5, 'finish': 15.0}, 'curriculum_steps': [{'step': 0, 'reward_weights': {'approach': 1.0, 'safety': 0.5, 'track': 0.5, 'encircle': 0.7, 'capture': 1.5, 'finish': 15.0}}, {'step': 500, 'reward_weights': {'approach': 0.9, 'safety': 0.6, 'track': 0.6, 'encircle': 0.8, 'capture': 1.8, 'finish': 17.0}}, {'step': 1000, 'reward_weights': {'approach': 0.8, 'safety': 0.7, 'track': 0.7, 'encircle': 0.9, 'capture': 2.0, 'finish': 19.0}}, {'step': 1500, 'reward_weights': {'approach': 0.7, 'safety': 0.8, 'track': 0.8, 'encircle': 1.0, 'capture': 2.2, 'finish': 21.0}}, {'step': 2000, 'reward_weights': {'approach': 0.6, 'safety': 0.9, 'track': 0.9, 'encircle': 1.1, 'capture': 2.4, 'finish': 23.0}}, {'step': 2500, 'reward_weights': {'approach': 0.5, 'safety': 1.0, 'track': 1.0, 'encircle': 1.2, 'capture': 2.6, 'finish': 25.0}}]}
2025-05-10 03:36:41,879 - DEBUG -   correlation_weights: {'sigma1': 100, 'sigma2': 2, 'sigma3': 5}
2025-05-10 03:36:41,879 - DEBUG -   reward_weights: {'approach': 1.0, 'safety': 1.0, 'track': 1.0, 'encircle': 1.0, 'capture': 1.0, 'finish': 10.0, 'progressive': {'approach': {'initial': 1.0, 'final': 0.5, 'decay_rate': 0.9998}, 'safety': {'initial': 0.6, 'final': 0.9, 'decay_rate': 0.9998}, 'track': {'initial': 0.5, 'final': 1.0, 'decay_rate': 0.9998}, 'encircle': {'initial': 0.7, 'final': 1.5, 'decay_rate': 0.9998}, 'capture': {'initial': 1.5, 'final': 2.5, 'decay_rate': 0.9998}, 'finish': {'initial': 15.0, 'final': 30.0, 'decay_rate': 0.9998}}}
2025-05-10 03:36:41,879 - DEBUG -   swarm: {'federated_learning': {'enabled': True, 'communication_range': 3.0, 'sharing_interval': 5, 'knowledge_dimension': 128, 'model_fusion_weight': 0.3, 'fusion_confidence_threshold': 0.6, 'federation_topology': 'dynamic'}, 'quantum_optimization': {'enabled': True, 'interference_factor': 0.4, 'phase_shift_rate': 0.15, 'superposition_decay': 0.97, 'entanglement_strength': 0.5, 'quantum_sigma': 2.5}, 'information_theory': {'enabled': True, 'entropy_grid_size': [30, 30], 'entropy_decay_rate': 0.95, 'information_gain_weight': 0.7, 'exploration_factor': 0.4, 'mutual_information_threshold': 0.3}, 'temporal_abstraction': {'enabled': True, 'num_temporal_scales': 3, 'temporal_horizons': [5, 20, 50], 'scale_update_rates': [1.0, 0.5, 0.2], 'temporal_discount_factors': [0.9, 0.95, 0.99]}, 'game_theory': {'enabled': True, 'leader_selection_interval': 10, 'leadership_quality_threshold': 0.7, 'follower_coherence_factor': 0.6, 'role_switching_cost': 0.3, 'stackelberg_alpha': 0.4}, 'belief_propagation': {'enabled': True, 'belief_grid_resolution': [50, 50], 'observation_noise_sigma': 0.2, 'process_noise_sigma': 0.1, 'confidence_decay_rate': 0.98, 'min_belief_update_threshold': 0.05}, 'topology': {'enabled': True, 'persistence_threshold': 0.3, 'filtration_steps': 10, 'homology_dimension_max': 2, 'feature_significance_threshold': 0.4, 'pattern_recognition_update_rate': 0.2}, 'behaviors': {'cohesion': {'weight': 0.5, 'distance_threshold': 2.0, 'adaptive_factor': 0.2}, 'separation': {'weight': 0.7, 'minimum_distance': 0.3, 'adaptive_factor': 0.3}, 'alignment': {'weight': 0.4, 'max_influence_distance': 1.5, 'adaptive_factor': 0.15}, 'formation': {'weight': 0.6, 'formation_types': ['circle', 'line', 'triangle', 'wedge'], 'formation_scale_factor': 1.2, 'dynamic_formation_switching': True}}, 'rl_integration': {'enabled': True, 'initial_swarm_weight': 0.4, 'adaptive_weighting': True, 'context_adaptation_rate': 0.05, 'swarm_reward_factor': 0.3}}
2025-05-10 03:36:41,889 - WARNING - Placed UAV 0 at alternate position [1. 1.] after 300 attempts
2025-05-10 03:36:41,901 - WARNING - Placed UAV 1 at alternate position [14.  1.] after 300 attempts
2025-05-10 03:36:41,908 - WARNING - UAV 2 placed with reduced safety margin of 5
2025-05-10 03:36:41,923 - WARNING - Placed UAV 3 at alternate position [14. 14.] after 300 attempts
2025-05-10 03:36:41,937 - WARNING - UAV 4 placed with reduced safety margin of 5
2025-05-10 03:36:41,938 - ERROR - Curriculum learning: Episode 0, placing target closer to UAVs (min_distance=0.25)
2025-05-10 03:36:41,940 - INFO - Episode 0 - Started (Seed: 5601)
2025-05-10 03:36:41,941 - DEBUG -   Initial uavs: [[1.0, 1.0], [14.0, 1.0], [1.3922277923079351, 0.9620747310657755], [14.0, 14.0], [0.9249199926344341, 0.554614441047726]]
2025-05-10 03:36:41,942 - DEBUG -   Initial target: [4.6101625786901295, 9.716216354566916]
2025-05-10 03:36:41,942 - DEBUG -   Initial obstacles: {'positions': [[4.5948977126325214, 7.476670415981183], [7.344575121300684, 7.2158417759433116], [10.688038457961973, 1.6774001836510792], [14.119247852402419, 6.895975194586084], [1.629366624702864, 8.173484249544963], [6.797496956301196, 10.512766962111643], [12.248731158197806, 11.658991091090787], [8.47191362521284, 14.670398944933396]], 'radii': [0.4095229363971216, 0.968337428325013, 1.8251191150142412, 2.608556198224849, 1.39476114212142, 0.647043526912684, 1.0612946346148788, 1.9229910433598638]}
2025-05-10 03:36:41,949 - INFO - Multi-UAV Simulation Log - Started at 20250510_033641
2025-05-10 03:36:41,950 - INFO - ================================================================================
2025-05-10 03:36:41,951 - INFO - Configuration Parameters:
2025-05-10 03:36:41,952 - PROGRESS - [45m[37mTraining with 0 UAVs, 0 obstacles for 0 episodes. Dynamic obstacles: OFF[0m
2025-05-10 03:36:41,953 - DEBUG -   scenario_width: 15.0
2025-05-10 03:36:41,953 - DEBUG -   scenario_height: 15.0
2025-05-10 03:36:41,954 - DEBUG -   uav_radius: 0.05
2025-05-10 03:36:41,954 - DEBUG -   target_radius: 0.05
2025-05-10 03:36:41,954 - DEBUG -   obstacle_radius_min: 0.4
2025-05-10 03:36:41,954 - DEBUG -   obstacle_radius_max: 3.0
2025-05-10 03:36:41,955 - DEBUG -   capture_distance: 1.5
2025-05-10 03:36:41,955 - DEBUG -   encircle_radius: 2.5
2025-05-10 03:36:41,955 - DEBUG -   sensor_range: 0.5
2025-05-10 03:36:41,955 - DEBUG -   max_steps_per_episode: 50
2025-05-10 03:36:41,955 - DEBUG -   num_sensors: 24
2025-05-10 03:36:41,955 - DEBUG -   trajectory_length: 50
2025-05-10 03:36:41,956 - DEBUG -   time_step: 1
2025-05-10 03:36:41,956 - DEBUG -   uav_initial_velocity: 0.0
2025-05-10 03:36:41,956 - DEBUG -   uav_max_velocity: 0.13
2025-05-10 03:36:41,956 - DEBUG -   uav_max_acceleration: 0.05
2025-05-10 03:36:41,956 - DEBUG -   uav_mass: 0.5
2025-05-10 03:36:41,957 - DEBUG -   uav_sight_range: 3.0
2025-05-10 03:36:41,957 - DEBUG -   target_initial_velocity: 0.0
2025-05-10 03:36:41,957 - DEBUG -   target_max_velocity: 0.13
2025-05-10 03:36:41,957 - DEBUG -   target_max_acceleration: 0.05
2025-05-10 03:36:41,957 - DEBUG -   replay_buffer_size: 100000
2025-05-10 03:36:41,958 - DEBUG -   batch_size: 256
2025-05-10 03:36:41,958 - DEBUG -   pre_batch_size: 64
2025-05-10 03:36:41,958 - DEBUG -   gamma: 0.99
2025-05-10 03:36:41,958 - DEBUG -   tau: 0.001
2025-05-10 03:36:41,958 - DEBUG -   actor_lr: 0.0003
2025-05-10 03:36:41,958 - DEBUG -   critic_lr: 0.0007
2025-05-10 03:36:41,960 - DEBUG -   train_interval: 5
2025-05-10 03:36:41,960 - DEBUG -   num_episodes: 2
2025-05-10 03:36:41,960 - DEBUG -   epsilon: 1.0
2025-05-10 03:36:41,960 - DEBUG -   epsilon_min: 0.05
2025-05-10 03:36:41,961 - DEBUG -   epsilon_decay: 0.995
2025-05-10 03:36:41,961 - DEBUG -   d_limit: 2.0
2025-05-10 03:36:41,961 - DEBUG -   curriculum_threshold: 3000
2025-05-10 03:36:41,961 - DEBUG -   curriculum_step_size: 500
2025-05-10 03:36:41,961 - DEBUG -   curriculum_learning: {'reward_weights': {'approach': 1.0, 'safety': 0.5, 'track': 0.5, 'encircle': 0.7, 'capture': 1.5, 'finish': 15.0}, 'curriculum_steps': [{'step': 0, 'reward_weights': {'approach': 1.0, 'safety': 0.5, 'track': 0.5, 'encircle': 0.7, 'capture': 1.5, 'finish': 15.0}}, {'step': 500, 'reward_weights': {'approach': 0.9, 'safety': 0.6, 'track': 0.6, 'encircle': 0.8, 'capture': 1.8, 'finish': 17.0}}, {'step': 1000, 'reward_weights': {'approach': 0.8, 'safety': 0.7, 'track': 0.7, 'encircle': 0.9, 'capture': 2.0, 'finish': 19.0}}, {'step': 1500, 'reward_weights': {'approach': 0.7, 'safety': 0.8, 'track': 0.8, 'encircle': 1.0, 'capture': 2.2, 'finish': 21.0}}, {'step': 2000, 'reward_weights': {'approach': 0.6, 'safety': 0.9, 'track': 0.9, 'encircle': 1.1, 'capture': 2.4, 'finish': 23.0}}, {'step': 2500, 'reward_weights': {'approach': 0.5, 'safety': 1.0, 'track': 1.0, 'encircle': 1.2, 'capture': 2.6, 'finish': 25.0}}]}
2025-05-10 03:36:41,962 - DEBUG -   correlation_weights: {'sigma1': 100, 'sigma2': 2, 'sigma3': 5}
2025-05-10 03:36:41,962 - DEBUG -   reward_weights: {'approach': 1.0, 'safety': 1.0, 'track': 1.0, 'encircle': 1.0, 'capture': 1.0, 'finish': 10.0, 'progressive': {'approach': {'initial': 1.0, 'final': 0.5, 'decay_rate': 0.9998}, 'safety': {'initial': 0.6, 'final': 0.9, 'decay_rate': 0.9998}, 'track': {'initial': 0.5, 'final': 1.0, 'decay_rate': 0.9998}, 'encircle': {'initial': 0.7, 'final': 1.5, 'decay_rate': 0.9998}, 'capture': {'initial': 1.5, 'final': 2.5, 'decay_rate': 0.9998}, 'finish': {'initial': 15.0, 'final': 30.0, 'decay_rate': 0.9998}}}
2025-05-10 03:36:41,962 - DEBUG -   swarm: {'federated_learning': {'enabled': True, 'communication_range': 3.0, 'sharing_interval': 5, 'knowledge_dimension': 128, 'model_fusion_weight': 0.3, 'fusion_confidence_threshold': 0.6, 'federation_topology': 'dynamic'}, 'quantum_optimization': {'enabled': True, 'interference_factor': 0.4, 'phase_shift_rate': 0.15, 'superposition_decay': 0.97, 'entanglement_strength': 0.5, 'quantum_sigma': 2.5}, 'information_theory': {'enabled': True, 'entropy_grid_size': [30, 30], 'entropy_decay_rate': 0.95, 'information_gain_weight': 0.7, 'exploration_factor': 0.4, 'mutual_information_threshold': 0.3}, 'temporal_abstraction': {'enabled': True, 'num_temporal_scales': 3, 'temporal_horizons': [5, 20, 50], 'scale_update_rates': [1.0, 0.5, 0.2], 'temporal_discount_factors': [0.9, 0.95, 0.99]}, 'game_theory': {'enabled': True, 'leader_selection_interval': 10, 'leadership_quality_threshold': 0.7, 'follower_coherence_factor': 0.6, 'role_switching_cost': 0.3, 'stackelberg_alpha': 0.4}, 'belief_propagation': {'enabled': True, 'belief_grid_resolution': [50, 50], 'observation_noise_sigma': 0.2, 'process_noise_sigma': 0.1, 'confidence_decay_rate': 0.98, 'min_belief_update_threshold': 0.05}, 'topology': {'enabled': True, 'persistence_threshold': 0.3, 'filtration_steps': 10, 'homology_dimension_max': 2, 'feature_significance_threshold': 0.4, 'pattern_recognition_update_rate': 0.2}, 'behaviors': {'cohesion': {'weight': 0.5, 'distance_threshold': 2.0, 'adaptive_factor': 0.2}, 'separation': {'weight': 0.7, 'minimum_distance': 0.3, 'adaptive_factor': 0.3}, 'alignment': {'weight': 0.4, 'max_influence_distance': 1.5, 'adaptive_factor': 0.15}, 'formation': {'weight': 0.6, 'formation_types': ['circle', 'line', 'triangle', 'wedge'], 'formation_scale_factor': 1.2, 'dynamic_formation_switching': True}}, 'rl_integration': {'enabled': True, 'initial_swarm_weight': 0.4, 'adaptive_weighting': True, 'context_adaptation_rate': 0.05, 'swarm_reward_factor': 0.3}}
2025-05-10 03:36:41,973 - WARNING - Placed UAV 0 at alternate position [1. 1.] after 300 attempts
2025-05-10 03:36:41,984 - WARNING - Placed UAV 1 at alternate position [14.  1.] after 300 attempts
2025-05-10 03:36:41,994 - WARNING - UAV 2 placed with reduced safety margin of 5
2025-05-10 03:36:42,008 - WARNING - Placed UAV 3 at alternate position [14. 14.] after 300 attempts
2025-05-10 03:36:42,019 - WARNING - UAV 4 placed with reduced safety margin of 5
2025-05-10 03:36:42,020 - ERROR - Curriculum learning: Episode 0, placing target closer to UAVs (min_distance=0.25)
2025-05-10 03:36:42,022 - INFO - Episode 0 - Started (Seed: 5601)
2025-05-10 03:36:42,023 - DEBUG -   Initial uavs: [[1.0, 1.0], [14.0, 1.0], [1.3922277923079351, 0.9620747310657755], [14.0, 14.0], [0.9249199926344341, 0.554614441047726]]
2025-05-10 03:36:42,023 - DEBUG -   Initial target: [4.6101625786901295, 9.716216354566916]
2025-05-10 03:36:42,023 - DEBUG -   Initial obstacles: {'positions': [[4.5948977126325214, 7.476670415981183], [7.344575121300684, 7.2158417759433116], [10.688038457961973, 1.6774001836510792], [14.119247852402419, 6.895975194586084], [1.629366624702864, 8.173484249544963], [6.797496956301196, 10.512766962111643], [12.248731158197806, 11.658991091090787], [8.47191362521284, 14.670398944933396]], 'radii': [0.4095229363971216, 0.968337428325013, 1.8251191150142412, 2.608556198224849, 1.39476114212142, 0.647043526912684, 1.0612946346148788, 1.9229910433598638]}
2025-05-10 03:36:45,105 - INFO - =================================================
2025-05-10 03:36:45,105 - INFO - OBSTACLE AVOIDANCE ENHANCEMENTS ACTIVE
2025-05-10 03:36:45,105 - INFO - --------------------------------------------------
2025-05-10 03:36:45,105 - INFO - [+] Obstacles are 10x larger visually for better visibility
2025-05-10 03:36:45,105 - INFO - [+] UAVs cannot pass through obstacles - collision prevention active
2025-05-10 03:36:45,106 - INFO - [+] Proactive obstacle avoidance using sensor data
2025-05-10 03:36:45,106 - INFO - [+] Physics and visualization consistent (obstacles same size in both)
2025-05-10 03:36:45,106 - INFO - [+] Obstacle radius: 0.41 units
2025-05-10 03:36:45,106 - INFO - [+] Sensor detection range: 0.50 units
2025-05-10 03:36:45,107 - INFO - =================================================
2025-05-10 03:36:45,116 - WARNING - Placed UAV 0 at alternate position [1. 1.] after 300 attempts
2025-05-10 03:36:45,126 - WARNING - Placed UAV 1 at alternate position [14.  1.] after 300 attempts
2025-05-10 03:36:45,134 - WARNING - UAV 2 placed with reduced safety margin of 5
2025-05-10 03:36:45,147 - WARNING - Placed UAV 3 at alternate position [14. 14.] after 300 attempts
2025-05-10 03:36:45,157 - WARNING - UAV 4 placed with reduced safety margin of 5
2025-05-10 03:36:45,158 - ERROR - Curriculum learning: Episode 0, placing target closer to UAVs (min_distance=0.25)
2025-05-10 03:36:45,158 - INFO - Episode 0 - Started (Seed: 5601)
2025-05-10 03:36:45,160 - DEBUG -   Initial uavs: [[1.0, 1.0], [14.0, 1.0], [1.3922277923079351, 0.9620747310657755], [14.0, 14.0], [0.9249199926344341, 0.554614441047726]]
2025-05-10 03:36:45,160 - DEBUG -   Initial target: [4.6101625786901295, 9.716216354566916]
2025-05-10 03:36:45,160 - DEBUG -   Initial obstacles: {'positions': [[4.5948977126325214, 7.476670415981183], [7.344575121300684, 7.2158417759433116], [10.688038457961973, 1.6774001836510792], [14.119247852402419, 6.895975194586084], [1.629366624702864, 8.173484249544963], [6.797496956301196, 10.512766962111643], [12.248731158197806, 11.658991091090787], [8.47191362521284, 14.670398944933396]], 'radii': [0.4095229363971216, 0.968337428325013, 1.8251191150142412, 2.608556198224849, 1.39476114212142, 0.647043526912684, 1.0612946346148788, 1.9229910433598638]}
2025-05-10 03:36:45,176 - WARNING - Placed UAV 0 at alternate position [1. 1.] after 300 attempts
2025-05-10 03:36:45,207 - WARNING - Placed UAV 1 at alternate position [14.  1.] after 300 attempts
2025-05-10 03:36:45,220 - WARNING - UAV 2 placed with reduced safety margin of 5
2025-05-10 03:36:45,236 - WARNING - Placed UAV 3 at alternate position [14. 14.] after 300 attempts
2025-05-10 03:36:45,246 - WARNING - UAV 4 placed with reduced safety margin of 5
2025-05-10 03:36:45,248 - ERROR - Curriculum learning: Episode 0, placing target closer to UAVs (min_distance=0.25)
2025-05-10 03:36:45,248 - INFO - Episode 0 - Started (Seed: 5601)
2025-05-10 03:36:45,249 - DEBUG -   Initial uavs: [[1.0, 1.0], [14.0, 1.0], [1.3922277923079351, 0.9620747310657755], [14.0, 14.0], [0.9249199926344341, 0.554614441047726]]
2025-05-10 03:36:45,249 - DEBUG -   Initial target: [4.6101625786901295, 9.716216354566916]
2025-05-10 03:36:45,249 - DEBUG -   Initial obstacles: {'positions': [[4.5948977126325214, 7.476670415981183], [7.344575121300684, 7.2158417759433116], [10.688038457961973, 1.6774001836510792], [14.119247852402419, 6.895975194586084], [1.629366624702864, 8.173484249544963], [6.797496956301196, 10.512766962111643], [12.248731158197806, 11.658991091090787], [8.47191362521284, 14.670398944933396]], 'radii': [0.4095229363971216, 0.968337428325013, 1.8251191150142412, 2.608556198224849, 1.39476114212142, 0.647043526912684, 1.0612946346148788, 1.9229910433598638]}
2025-05-10 03:36:45,728 - WARNING - 5 out of the last 5 calls to <function Model.make_predict_function.<locals>.predict_function at 0x00000147D28BA040> triggered tf.function retracing. Tracing is expensive and the excessive number of tracings could be due to (1) creating @tf.function repeatedly in a loop, (2) passing tensors with different shapes, (3) passing Python objects instead of tensors. For (1), please define your @tf.function outside of the loop. For (2), @tf.function has reduce_retracing=True option that can avoid unnecessary retracing. For (3), please refer to https://www.tensorflow.org/guide/function#controlling_retracing and https://www.tensorflow.org/api_docs/python/tf/function for  more details.
2025-05-10 03:36:45,824 - WARNING - 6 out of the last 6 calls to <function Model.make_predict_function.<locals>.predict_function at 0x00000147D28BA280> triggered tf.function retracing. Tracing is expensive and the excessive number of tracings could be due to (1) creating @tf.function repeatedly in a loop, (2) passing tensors with different shapes, (3) passing Python objects instead of tensors. For (1), please define your @tf.function outside of the loop. For (2), @tf.function has reduce_retracing=True option that can avoid unnecessary retracing. For (3), please refer to https://www.tensorflow.org/guide/function#controlling_retracing and https://www.tensorflow.org/api_docs/python/tf/function for  more details.
2025-05-10 03:37:11,470 - INFO - AHFSI-RL Model: [FAILED] | Reward: 16.29 | Obstacle Collisions: 0 | Steps: 50
2025-05-10 03:37:11,470 - INFO - Standard Model: [FAILED] | Reward: 19.78 | Obstacle Collisions: 0 | Steps: 50
2025-05-10 03:37:11,475 - INFO - =================================================

2025-05-10 03:37:11,485 - WARNING - Placed UAV 0 at alternate position [1. 1.] after 300 attempts
2025-05-10 03:37:11,496 - WARNING - Placed UAV 1 at alternate position [14.  1.] after 300 attempts
2025-05-10 03:37:11,505 - WARNING - UAV 2 placed with reduced safety margin of 5
2025-05-10 03:37:11,517 - WARNING - Placed UAV 3 at alternate position [14. 14.] after 300 attempts
2025-05-10 03:37:11,528 - WARNING - UAV 4 placed with reduced safety margin of 5
2025-05-10 03:37:11,530 - ERROR - Curriculum learning: Episode 1, placing target closer to UAVs (min_distance=0.25)
2025-05-10 03:37:11,531 - INFO - Episode 1 - Started (Seed: 5601)
2025-05-10 03:37:11,532 - DEBUG -   Initial uavs: [[1.0, 1.0], [14.0, 1.0], [1.3922277923079351, 0.9620747310657755], [14.0, 14.0], [0.9249199926344341, 0.554614441047726]]
2025-05-10 03:37:11,532 - DEBUG -   Initial target: [4.6101625786901295, 9.716216354566916]
2025-05-10 03:37:11,532 - DEBUG -   Initial obstacles: {'positions': [[4.5948977126325214, 7.476670415981183], [7.344575121300684, 7.2158417759433116], [10.688038457961973, 1.6774001836510792], [14.119247852402419, 6.895975194586084], [1.629366624702864, 8.173484249544963], [6.797496956301196, 10.512766962111643], [12.248731158197806, 11.658991091090787], [8.47191362521284, 14.670398944933396]], 'radii': [0.4095229363971216, 0.968337428325013, 1.8251191150142412, 2.608556198224849, 1.39476114212142, 0.647043526912684, 1.0612946346148788, 1.9229910433598638]}
2025-05-10 03:37:11,553 - WARNING - Placed UAV 0 at alternate position [1. 1.] after 300 attempts
2025-05-10 03:37:11,567 - WARNING - Placed UAV 1 at alternate position [14.  1.] after 300 attempts
2025-05-10 03:37:11,580 - WARNING - UAV 2 placed with reduced safety margin of 5
2025-05-10 03:37:11,596 - WARNING - Placed UAV 3 at alternate position [14. 14.] after 300 attempts
2025-05-10 03:37:11,606 - WARNING - UAV 4 placed with reduced safety margin of 5
2025-05-10 03:37:11,607 - ERROR - Curriculum learning: Episode 1, placing target closer to UAVs (min_distance=0.25)
2025-05-10 03:37:11,607 - INFO - Episode 1 - Started (Seed: 5601)
2025-05-10 03:37:11,608 - DEBUG -   Initial uavs: [[1.0, 1.0], [14.0, 1.0], [1.3922277923079351, 0.9620747310657755], [14.0, 14.0], [0.9249199926344341, 0.554614441047726]]
2025-05-10 03:37:11,608 - DEBUG -   Initial target: [4.6101625786901295, 9.716216354566916]
2025-05-10 03:37:11,608 - DEBUG -   Initial obstacles: {'positions': [[4.5948977126325214, 7.476670415981183], [7.344575121300684, 7.2158417759433116], [10.688038457961973, 1.6774001836510792], [14.119247852402419, 6.895975194586084], [1.629366624702864, 8.173484249544963], [6.797496956301196, 10.512766962111643], [12.248731158197806, 11.658991091090787], [8.47191362521284, 14.670398944933396]], 'radii': [0.4095229363971216, 0.968337428325013, 1.8251191150142412, 2.608556198224849, 1.39476114212142, 0.647043526912684, 1.0612946346148788, 1.9229910433598638]}
2025-05-10 03:37:59,775 - INFO - AHFSI-RL Model: [FAILED] | Reward: 16.38 | Obstacle Collisions: 0 | Steps: 50
2025-05-10 03:37:59,776 - INFO - Standard Model: [FAILED] | Reward: 20.00 | Obstacle Collisions: 0 | Steps: 50
2025-05-10 03:37:59,785 - INFO - =================================================

