Multi-UAV Simulation Log - Started at 20250501_061219
================================================================================

Configuration Parameters:
  scenario_width: 10.0
  scenario_height: 10.0
  uav_radius: 0.05
  target_radius: 0.05
  obstacle_radius_min: 0.04
  obstacle_radius_max: 0.1
  capture_distance: 1.2
  sensor_range: 0.4
  max_steps_per_episode: 50
  num_sensors: 24
  trajectory_length: 50
  time_step: 1
  uav_initial_velocity: 0.0
  uav_max_velocity: 0.13
  uav_max_acceleration: 0.05
  uav_mass: 0.5
  target_initial_velocity: 0.0
  target_max_velocity: 0.13
  target_max_acceleration: 0.05
  replay_buffer_size: 100000
  batch_size: 256
  pre_batch_size: 50
  gamma: 0.99
  tau: 0.001
  actor_lr: 0.0005
  critic_lr: 0.001
  num_episodes: 30000
  epsilon: 1.0
  epsilon_min: 0.01
  epsilon_decay: 0.98
  d_limit: 1.5
  curriculum_threshold: 5000
  curriculum_step_size: 1000
  curriculum_learning: {'reward_weights': {'approach': 1.0, 'safety': 0.5, 'track': 0.3, 'encircle': 0.5, 'capture': 1.0, 'finish': 10.0}, 'curriculum_steps': [{'step': 0, 'reward_weights': {'approach': 1.0, 'safety': 0.5, 'track': 0.3, 'encircle': 0.5, 'capture': 1.0, 'finish': 10.0}}, {'step': 1000, 'reward_weights': {'approach': 0.8, 'safety': 0.6, 'track': 0.4, 'encircle': 0.6, 'capture': 1.2, 'finish': 12.0}}, {'step': 2000, 'reward_weights': {'approach': 0.6, 'safety': 0.7, 'track': 0.5, 'encircle': 0.7, 'capture': 1.4, 'finish': 14.0}}, {'step': 3000, 'reward_weights': {'approach': 0.4, 'safety': 0.8, 'track': 0.6, 'encircle': 0.8, 'capture': 1.6, 'finish': 16.0}}, {'step': 4000, 'reward_weights': {'approach': 0.2, 'safety': 0.9, 'track': 0.7, 'encircle': 0.9, 'capture': 1.8, 'finish': 18.0}}]}
  correlation_weights: {'sigma1': 100, 'sigma2': 2, 'sigma3': 5}
  reward_weights: {'approach': 1.0, 'safety': 1.0, 'track': 1.0, 'encircle': 1.0, 'capture': 1.0, 'finish': 1.0}

Episode 0 - Started (Seed: 7339)
  Initial Positions:
    seed: 7339
ERROR: Curriculum learning: Episode 0, placing target closer to UAVs (min_distance=0.25)
Episode 0 - Started (Seed: 7339)
  Initial Positions:
    uavs: [[1.8733433284139083, 4.29201024496098], [7.661100318133979, 2.430261250839206], [2.328346904702836, 6.006697872847522]]
    target: [9.610712965105792, 4.093292070624326]
    obstacles: {'positions': [[3.7066770209342654, 4.269454079206669], [5.717890191613432, 1.9713600025893898], [4.601499457374574, 7.344692691479607]], 'radii': [0.0587124713867668, 0.06709443550650583, 0.07103224966464763]}
